
记录时间：2017-12-25 16:00:52,086 描述：服务已启动,http://localhost:8090/

记录时间：2017-12-25 16:01:42,141 描述：服务已启动,http://localhost:8090/

记录时间：2017-12-25 16:01:48,521 描述：服务已关闭,http://localhost:8090/

记录时间：2017-12-25 16:01:48,539 描述：服务已启动,http://localhost:8090/

记录时间：2017-12-25 16:04:02,819 描述：服务已启动,http://localhost:8090/

记录时间：2017-12-25 16:04:15,220 描述：服务已关闭,http://localhost:8091/

记录时间：2017-12-25 16:04:15,222 描述：服务已启动,http://localhost:8091/

记录时间：2017-12-25 16:04:58,110 描述：服务已启动,http://localhost:8091/

记录时间：2017-12-25 16:05:07,850 描述：服务已关闭,http://localhost:8091/

记录时间：2017-12-25 16:05:07,911 描述：服务已启动,http://localhost:8090/

记录时间：2017-12-25 16:09:02,671 描述：服务已启动,http://localhost:8090/

记录时间：2017-12-25 16:10:59,078 描述：服务已启动,http://localhost:8090/

记录时间：2017-12-25 16:11:19,530 描述：服务已启动,http://localhost:8090/

记录时间：2017-12-25 16:12:01,320 描述：服务已启动,http://localhost:8090/

记录时间：2017-12-25 16:12:27,126 描述：服务已启动,http://localhost:8090/

记录时间：2017-12-25 16:12:58,866 描述：服务已启动,http://localhost:8090/

记录时间：2017-12-25 16:15:24,854 描述：服务已启动,http://localhost:8090/

记录时间：2017-12-25 16:24:37,263 描述：服务已启动,http://localhost:8090/

记录时间：2017-12-25 16:26:57,812 描述：服务已启动,http://localhost:8090/

记录时间：2017-12-25 16:27:07,843 描述：服务已关闭,http://localhost:8090/

记录时间：2017-12-25 16:27:09,768 描述：服务已启动,http://localhost:8090/

记录时间：2017-12-25 16:30:38,482 描述：服务已启动,http://localhost:8090/

记录时间：2017-12-25 16:32:13,335 描述：服务已启动,http://localhost:8090/

记录时间：2017-12-25 16:37:19,611 描述：服务已启动,http://localhost:8090/

记录时间：2017-12-25 16:46:35,344 描述：服务已启动,http://localhost:8090/

记录时间：2017-12-25 16:49:04,156 描述：服务已启动,http://localhost:8090/

记录时间：2017-12-25 16:49:13,361 描述：请求类型：computerinfo

记录时间：2017-12-25 16:51:41,469 描述：请求类型：computerinfo

记录时间：2017-12-25 16:51:44,129 描述：请求类型：computerinfo

记录时间：2017-12-25 16:51:46,705 描述：请求类型：computerinfo

记录时间：2017-12-25 16:53:42,946 描述：服务已启动,http://localhost:8090/

记录时间：2017-12-25 16:53:46,372 描述：新请求：computerinfo

记录时间：2017-12-25 16:53:50,813 描述：新请求：computerinfo

记录时间：2017-12-25 16:53:53,665 描述：新请求：readcard

记录时间：2017-12-25 16:53:55,798 描述：新请求：readcard

记录时间：2017-12-25 16:53:58,371 描述：新请求：readcard

记录时间：2017-12-25 16:54:00,868 描述：新请求：readcard

记录时间：2017-12-25 16:56:29,129 描述：服务已启动,http://localhost:8090/

记录时间：2017-12-25 16:56:57,854 描述：请求类型：readcard

记录时间：2017-12-25 16:57:00,101 描述：请求类型：readcard

记录时间：2017-12-25 16:57:04,946 描述：请求类型：print

记录时间：2017-12-25 16:57:43,025 描述：请求类型：print

记录时间：2017-12-25 16:57:49,477 描述：请求类型：readcard

记录时间：2017-12-25 16:57:59,422 描述：请求类型：readcard

记录时间：2017-12-25 16:58:01,896 描述：请求类型：readcard

记录时间：2017-12-25 16:58:04,030 描述：请求类型：readcard

记录时间：2017-12-25 16:58:08,402 描述：请求类型：readcard

记录时间：2017-12-25 16:58:11,314 描述：请求类型：computerinfo

记录时间：2017-12-25 16:58:14,264 描述：请求类型：readcard

记录时间：2017-12-25 16:58:18,778 描述：请求类型：print

记录时间：2017-12-25 17:05:08,879 描述：服务已启动,http://localhost:8090/

记录时间：2017-12-25 17:17:19,279 描述：服务已启动,http://localhost:8090/

记录时间：2017-12-25 17:25:11,091 描述：服务已启动,http://localhost:8090/
