
记录时间：2017-12-26 08:12:08,897 描述：服务已启动,http://localhost:8090/

记录时间：2017-12-26 08:30:11,410 描述：服务已启动,http://localhost:8090/

记录时间：2017-12-26 08:33:17,457 描述：服务已启动,http://localhost:8090/

记录时间：2017-12-26 08:33:29,729 描述：请求类型：print

记录时间：2017-12-26 08:33:46,823 描述：请求类型：print

记录时间：2017-12-26 08:34:22,340 描述：服务已启动,http://localhost:8090/

记录时间：2017-12-26 08:34:27,348 描述：请求类型：print

记录时间：2017-12-26 08:36:10,192 描述：服务已启动,http://localhost:8090/

记录时间：2017-12-26 08:36:47,335 描述：服务已启动,http://localhost:8090/

记录时间：2017-12-26 08:37:00,887 描述：请求类型：print

记录时间：2017-12-26 08:37:10,597 描述：请求类型：print

记录时间：2017-12-26 08:37:30,573 描述：服务已启动,http://localhost:8090/

记录时间：2017-12-26 08:37:34,223 描述：请求类型：print

记录时间：2017-12-26 08:37:46,492 描述：服务已启动,http://localhost:8090/

记录时间：2017-12-26 08:37:51,686 描述：请求类型：print

记录时间：2017-12-26 08:44:09,548 描述：服务已启动,http://localhost:8090/

记录时间：2017-12-26 08:44:33,483 描述：请求类型：computerinfo

记录时间：2017-12-26 08:44:35,440 描述：请求类型：computerinfo

记录时间：2017-12-26 08:44:37,174 描述：请求类型：computerinfo

记录时间：2017-12-26 08:44:39,307 描述：请求类型：computerinfo

记录时间：2017-12-26 08:44:43,846 描述：请求类型：computerinfo

记录时间：2017-12-26 08:45:03,596 描述：请求类型：readcard

记录时间：2017-12-26 08:45:05,286 描述：请求类型：readcard

记录时间：2017-12-26 08:45:07,050 描述：请求类型：readcard

记录时间：2017-12-26 08:45:08,722 描述：请求类型：readcard

记录时间：2017-12-26 08:45:10,354 描述：请求类型：readcard

记录时间：2017-12-26 08:45:12,101 描述：请求类型：readcard

记录时间：2017-12-26 08:45:13,722 描述：请求类型：readcard

记录时间：2017-12-26 08:45:20,431 描述：请求类型：readcard

记录时间：2017-12-26 08:45:32,583 描述：请求类型：readcard

记录时间：2017-12-26 08:45:35,323 描述：请求类型：computerinfo

记录时间：2017-12-26 09:06:38,188 描述：服务已启动,http://localhost:8090/

记录时间：2017-12-26 09:06:55,071 描述：请求类型：print

记录时间：2017-12-26 09:07:10,507 描述：服务已关闭,http://localhost:8090/

记录时间：2017-12-26 09:07:54,653 描述：服务已启动,http://localhost:8090/

记录时间：2017-12-26 09:15:45,596 描述：服务已启动,http://localhost:8090/

记录时间：2017-12-26 09:15:50,942 描述：请求类型：print

记录时间：2017-12-26 09:16:02,540 描述：请求类型：print

记录时间：2017-12-26 09:17:01,094 描述：服务已启动,http://localhost:8090/

记录时间：2017-12-26 09:17:08,793 描述：服务已启动,http://localhost:8090/

记录时间：2017-12-26 09:17:11,891 描述：请求类型：print

记录时间：2017-12-26 09:17:28,805 描述：请求类型：print

记录时间：2017-12-26 09:18:34,821 描述：服务已启动,http://localhost:8090/

记录时间：2017-12-26 09:18:38,513 描述：请求类型：print

记录时间：2017-12-26 09:18:55,655 描述：服务已启动,http://localhost:8090/

记录时间：2017-12-26 09:18:58,887 描述：请求类型：print

记录时间：2017-12-26 09:19:45,366 描述：服务已启动,http://localhost:8090/

记录时间：2017-12-26 09:19:49,871 描述：请求类型：print

记录时间：2017-12-26 09:20:05,269 描述：请求类型：print

记录时间：2017-12-26 09:20:08,938 描述：请求类型：print

记录时间：2017-12-26 09:21:24,657 描述：服务已启动,http://localhost:8090/

记录时间：2017-12-26 09:21:27,558 描述：请求类型：print

记录时间：2017-12-26 09:21:35,788 描述：请求类型：print

记录时间：2017-12-26 09:23:15,540 描述：服务已启动,http://localhost:8090/

记录时间：2017-12-26 09:23:17,434 描述：请求类型：print

记录时间：2017-12-26 09:23:27,109 描述：请求类型：print

记录时间：2017-12-26 09:24:35,631 描述：服务已启动,http://localhost:8090/

记录时间：2017-12-26 09:24:37,932 描述：请求类型：print

记录时间：2017-12-26 09:24:51,331 描述：请求类型：print

记录时间：2017-12-26 09:24:59,508 描述：请求类型：print

记录时间：2017-12-26 09:25:37,557 描述：服务已启动,http://localhost:8090/

记录时间：2017-12-26 09:25:41,261 描述：请求类型：print

记录时间：2017-12-26 09:25:52,983 描述：请求类型：print

记录时间：2017-12-26 09:26:00,765 描述：请求类型：print

记录时间：2017-12-26 09:26:06,365 描述：请求类型：print

记录时间：2017-12-26 09:26:53,096 描述：服务已启动,http://localhost:8090/

记录时间：2017-12-26 09:26:56,811 描述：请求类型：print

记录时间：2017-12-26 09:27:02,000 描述：请求类型：print

记录时间：2017-12-26 09:30:34,124 描述：服务已启动,http://localhost:8090/

记录时间：2017-12-26 09:30:38,916 描述：请求类型：print
